<?xml version="1.0" encoding="UTF-8"?>
<!-- Generated by org.testng.reporters.JUnitReportReporter -->
<testsuite hostname="LAPTOP-JN0A0H06" failures="0" tests="1" name="base.Driver" time="3.214" errors="0" timestamp="2023-05-13T11:14:24 IST" skipped="0">
  <testcase classname="base.Driver" name="browser" time="3.214"/>
  <system-out/>
</testsuite> <!-- base.Driver -->
