<?xml version="1.0" encoding="UTF-8"?>
<!-- Generated by org.testng.reporters.JUnitReportReporter -->
<testsuite hostname="LAPTOP-JN0A0H06" failures="0" tests="2" name="base.BrowserSetup" time="0.026" errors="0" timestamp="2023-05-13T11:08:48 IST" skipped="0">
  <testcase classname="base.BrowserSetup" name="setBrowser" time="0.024"/>
  <system-out/>
  <testcase classname="base.BrowserSetup" name="getBrowser" time="0.002"/>
  <system-out/>
</testsuite> <!-- base.BrowserSetup -->
